# JRE version: OpenJDK Runtime Environment Corretto-11.0.17.8.1 (11.0.17+8) (build 11.0.17+8-LTS)
# Java VM: OpenJDK 64-Bit Server VM Corretto-11.0.17.8.1 (11.0.17+8-LTS, mixed mode, tiered, compressed oops, g1 gc, windows-amd64)
Heap:
 garbage-first heap   total 472064K, used 106801K [0x0000000681600000, 0x0000000800000000)
  region size 1024K, 96 young (98304K), 11 survivors (11264K)
 Metaspace       used 57889K, capacity 59900K, committed 59904K, reserved 1101824K
  class space    used 7382K, capacity 8190K, committed 8192K, reserved 1048576K
GC Heap History (12 events):
Event: 0.650 GC heap before
{Heap before GC invocations=0 (full 0):
 garbage-first heap   total 393216K, used 24576K [0x0000000681600000, 0x0000000800000000)
  region size 1024K, 24 young (24576K), 0 survivors (0K)
 Metaspace       used 12564K, capacity 12940K, committed 13056K, reserved 1060864K
  class space    used 1312K, capacity 1462K, committed 1536K, reserved 1048576K
}
Event: 0.654 GC heap after
{Heap after GC invocations=1 (full 0):
 garbage-first heap   total 393216K, used 7632K [0x0000000681600000, 0x0000000800000000)
  region size 1024K, 3 young (3072K), 3 survivors (3072K)
 Metaspace       used 12564K, capacity 12940K, committed 13056K, reserved 1060864K
  class space    used 1312K, capacity 1462K, committed 1536K, reserved 1048576K
}
Event: 1.174 GC heap before
{Heap before GC invocations=1 (full 0):
 garbage-first heap   total 393216K, used 51664K [0x0000000681600000, 0x0000000800000000)
  region size 1024K, 47 young (48128K), 3 survivors (3072K)
 Metaspace       used 20270K, capacity 21024K, committed 21248K, reserved 1069056K
  class space    used 2265K, capacity 2551K, committed 2560K, reserved 1048576K
}
Event: 1.179 GC heap after
{Heap after GC invocations=2 (full 0):
 garbage-first heap   total 393216K, used 10393K [0x0000000681600000, 0x0000000800000000)
  region size 1024K, 6 young (6144K), 6 survivors (6144K)
 Metaspace       used 20270K, capacity 21024K, committed 21248K, reserved 1069056K
  class space    used 2265K, capacity 2551K, committed 2560K, reserved 1048576K
}
Event: 1.247 GC heap before
{Heap before GC invocations=3 (full 0):
 garbage-first heap   total 393216K, used 27801K [0x0000000681600000, 0x0000000800000000)
  region size 1024K, 23 young (23552K), 6 survivors (6144K)
 Metaspace       used 22498K, capacity 23307K, committed 23424K, reserved 1069056K
  class space    used 2550K, capacity 2867K, committed 2944K, reserved 1048576K
}
Event: 1.250 GC heap after
{Heap after GC invocations=4 (full 0):
 garbage-first heap   total 393216K, used 11272K [0x0000000681600000, 0x0000000800000000)
  region size 1024K, 1 young (1024K), 1 survivors (1024K)
 Metaspace       used 22498K, capacity 23307K, committed 23424K, reserved 1069056K
  class space    used 2550K, capacity 2867K, committed 2944K, reserved 1048576K
}
Event: 1.570 GC heap before
{Heap before GC invocations=4 (full 0):
 garbage-first heap   total 393216K, used 70664K [0x0000000681600000, 0x0000000800000000)
  region size 1024K, 60 young (61440K), 1 survivors (1024K)
 Metaspace       used 27329K, capacity 28263K, committed 28416K, reserved 1075200K
  class space    used 3179K, capacity 3561K, committed 3584K, reserved 1048576K
}
Event: 1.572 GC heap after
{Heap after GC invocations=5 (full 0):
 garbage-first heap   total 393216K, used 13213K [0x0000000681600000, 0x0000000800000000)
  region size 1024K, 3 young (3072K), 3 survivors (3072K)
 Metaspace       used 27329K, capacity 28263K, committed 28416K, reserved 1075200K
  class space    used 3179K, capacity 3561K, committed 3584K, reserved 1048576K
}
Event: 2.045 GC heap before
{Heap before GC invocations=5 (full 0):
 garbage-first heap   total 393216K, used 77725K [0x0000000681600000, 0x0000000800000000)
  region size 1024K, 67 young (68608K), 3 survivors (3072K)
 Metaspace       used 34097K, capacity 35541K, committed 35628K, reserved 1081344K
  class space    used 4174K, capacity 4710K, committed 4736K, reserved 1048576K
}
Event: 2.049 GC heap after
{Heap after GC invocations=6 (full 0):
 garbage-first heap   total 393216K, used 16733K [0x0000000681600000, 0x0000000800000000)
  region size 1024K, 7 young (7168K), 7 survivors (7168K)
 Metaspace       used 34097K, capacity 35541K, committed 35628K, reserved 1081344K
  class space    used 4174K, capacity 4710K, committed 4736K, reserved 1048576K
}
Event: 2.833 GC heap before
{Heap before GC invocations=7 (full 0):
 garbage-first heap   total 393216K, used 120157K [0x0000000681600000, 0x0000000800000000)
  region size 1024K, 108 young (110592K), 7 survivors (7168K)
 Metaspace       used 47638K, capacity 49355K, committed 49408K, reserved 1091584K
  class space    used 5962K, capacity 6647K, committed 6656K, reserved 1048576K
}
Event: 2.840 GC heap after
{Heap after GC invocations=8 (full 0):
 garbage-first heap   total 472064K, used 20785K [0x0000000681600000, 0x0000000800000000)
  region size 1024K, 11 young (11264K), 11 survivors (11264K)
 Metaspace       used 47638K, capacity 49355K, committed 49408K, reserved 1091584K
  class space    used 5962K, capacity 6647K, committed 6656K, reserved 1048576K
}

