# JRE version: OpenJDK Runtime Environment Corretto-11.0.17.8.1 (11.0.17+8) (build 11.0.17+8-LTS)
# Java VM: OpenJDK 64-Bit Server VM Corretto-11.0.17.8.1 (11.0.17+8-LTS, mixed mode, tiered, compressed oops, g1 gc, windows-amd64)
Heap:
 garbage-first heap   total 472064K, used 41213K [0x0000000681600000, 0x0000000800000000)
  region size 1024K, 31 young (31744K), 13 survivors (13312K)
 Metaspace       used 57883K, capacity 59900K, committed 59904K, reserved 1101824K
  class space    used 7382K, capacity 8190K, committed 8192K, reserved 1048576K
GC Heap History (12 events):
Event: 0.603 GC heap before
{Heap before GC invocations=0 (full 0):
 garbage-first heap   total 393216K, used 24576K [0x0000000681600000, 0x0000000800000000)
  region size 1024K, 24 young (24576K), 0 survivors (0K)
 Metaspace       used 12570K, capacity 12940K, committed 13056K, reserved 1060864K
  class space    used 1314K, capacity 1462K, committed 1536K, reserved 1048576K
}
Event: 0.607 GC heap after
{Heap after GC invocations=1 (full 0):
 garbage-first heap   total 393216K, used 7891K [0x0000000681600000, 0x0000000800000000)
  region size 1024K, 3 young (3072K), 3 survivors (3072K)
 Metaspace       used 12570K, capacity 12940K, committed 13056K, reserved 1060864K
  class space    used 1314K, capacity 1462K, committed 1536K, reserved 1048576K
}
Event: 1.126 GC heap before
{Heap before GC invocations=1 (full 0):
 garbage-first heap   total 393216K, used 51923K [0x0000000681600000, 0x0000000800000000)
  region size 1024K, 47 young (48128K), 3 survivors (3072K)
 Metaspace       used 20277K, capacity 21024K, committed 21248K, reserved 1069056K
  class space    used 2266K, capacity 2551K, committed 2560K, reserved 1048576K
}
Event: 1.131 GC heap after
{Heap after GC invocations=2 (full 0):
 garbage-first heap   total 393216K, used 10946K [0x0000000681600000, 0x0000000800000000)
  region size 1024K, 6 young (6144K), 6 survivors (6144K)
 Metaspace       used 20277K, capacity 21024K, committed 21248K, reserved 1069056K
  class space    used 2266K, capacity 2551K, committed 2560K, reserved 1048576K
}
Event: 1.249 GC heap before
{Heap before GC invocations=3 (full 0):
 garbage-first heap   total 393216K, used 42690K [0x0000000681600000, 0x0000000800000000)
  region size 1024K, 38 young (38912K), 6 survivors (6144K)
 Metaspace       used 24435K, capacity 25281K, committed 25472K, reserved 1071104K
  class space    used 2784K, capacity 3100K, committed 3200K, reserved 1048576K
}
Event: 1.253 GC heap after
{Heap after GC invocations=4 (full 0):
 garbage-first heap   total 393216K, used 11949K [0x0000000681600000, 0x0000000800000000)
  region size 1024K, 2 young (2048K), 2 survivors (2048K)
 Metaspace       used 24435K, capacity 25281K, committed 25472K, reserved 1071104K
  class space    used 2784K, capacity 3100K, committed 3200K, reserved 1048576K
}
Event: 1.672 GC heap before
{Heap before GC invocations=4 (full 0):
 garbage-first heap   total 393216K, used 74413K [0x0000000681600000, 0x0000000800000000)
  region size 1024K, 64 young (65536K), 2 survivors (2048K)
 Metaspace       used 29599K, capacity 30705K, committed 30848K, reserved 1077248K
  class space    used 3506K, capacity 3958K, committed 3968K, reserved 1048576K
}
Event: 1.675 GC heap after
{Heap after GC invocations=5 (full 0):
 garbage-first heap   total 393216K, used 14238K [0x0000000681600000, 0x0000000800000000)
  region size 1024K, 4 young (4096K), 4 survivors (4096K)
 Metaspace       used 29599K, capacity 30705K, committed 30848K, reserved 1077248K
  class space    used 3506K, capacity 3958K, committed 3968K, reserved 1048576K
}
Event: 2.021 GC heap before
{Heap before GC invocations=5 (full 0):
 garbage-first heap   total 393216K, used 59294K [0x0000000681600000, 0x0000000800000000)
  region size 1024K, 49 young (50176K), 4 survivors (4096K)
 Metaspace       used 34089K, capacity 35541K, committed 35628K, reserved 1081344K
  class space    used 4164K, capacity 4710K, committed 4736K, reserved 1048576K
}
Event: 2.026 GC heap after
{Heap after GC invocations=6 (full 0):
 garbage-first heap   total 393216K, used 16741K [0x0000000681600000, 0x0000000800000000)
  region size 1024K, 7 young (7168K), 7 survivors (7168K)
 Metaspace       used 34089K, capacity 35541K, committed 35628K, reserved 1081344K
  class space    used 4164K, capacity 4710K, committed 4736K, reserved 1048576K
}
Event: 3.370 GC heap before
{Heap before GC invocations=7 (full 0):
 garbage-first heap   total 393216K, used 187749K [0x0000000681600000, 0x0000000800000000)
  region size 1024K, 174 young (178176K), 7 survivors (7168K)
 Metaspace       used 56389K, capacity 58296K, committed 58496K, reserved 1099776K
  class space    used 7186K, capacity 7956K, committed 8064K, reserved 1048576K
}
Event: 3.379 GC heap after
{Heap after GC invocations=8 (full 0):
 garbage-first heap   total 472064K, used 23805K [0x0000000681600000, 0x0000000800000000)
  region size 1024K, 13 young (13312K), 13 survivors (13312K)
 Metaspace       used 56389K, capacity 58296K, committed 58496K, reserved 1099776K
  class space    used 7186K, capacity 7956K, committed 8064K, reserved 1048576K
}

